processTemplate: Processing template Graffiti Reporter
processTemplate: appsFolder=C:/Users/hann7066/ArcGIS/AppStudio/Apps
processTemplate: outputPath=C:/Users/hann7066/ArcGIS/AppStudio/Apps/286b10b795f44987be71887e1f1a3901
copyFiles: 7 file(s)
copyFile: {"source":"app/app.qml","target":"@ProjectName@.qml"}
Copy: app/app.qml -> C:/Users/hann7066/ArcGIS/AppStudio/Apps/286b10b795f44987be71887e1f1a3901/app.qml
copyFile: {"source":"app/app.qmlproject","target":"@ProjectName@.qmlproject"}
Copy: app/app.qmlproject -> C:/Users/hann7066/ArcGIS/AppStudio/Apps/286b10b795f44987be71887e1f1a3901/app.qmlproject
replaceVariables: C:/Users/hann7066/ArcGIS/AppStudio/Apps/286b10b795f44987be71887e1f1a3901/app.qmlproject
copyFile: {"source":"app/appinfo.json","target":"appinfo.json"}
Copy: app/appinfo.json -> C:/Users/hann7066/ArcGIS/AppStudio/Apps/286b10b795f44987be71887e1f1a3901/appinfo.json
replaceVariables: C:/Users/hann7066/ArcGIS/AppStudio/Apps/286b10b795f44987be71887e1f1a3901/appinfo.json
copyFile: {"source":"app/iteminfo.json","target":"iteminfo.json"}
Copy: app/iteminfo.json -> C:/Users/hann7066/ArcGIS/AppStudio/Apps/286b10b795f44987be71887e1f1a3901/iteminfo.json
replaceVariables: C:/Users/hann7066/ArcGIS/AppStudio/Apps/286b10b795f44987be71887e1f1a3901/iteminfo.json
copyFile: {"binary":true,"source":"app/thumbnail.png","target":"thumbnail.png"}
Copy: app/thumbnail.png -> C:/Users/hann7066/ArcGIS/AppStudio/Apps/286b10b795f44987be71887e1f1a3901/thumbnail.png
copyFile: {"source":"app/template","target":"template"}
Copy: app/template -> C:/Users/hann7066/ArcGIS/AppStudio/Apps/286b10b795f44987be71887e1f1a3901/template
copyFile: {"source":"app/assets","target":"assets"}
Copy: app/assets -> C:/Users/hann7066/ArcGIS/AppStudio/Apps/286b10b795f44987be71887e1f1a3901/assets
performOperations: 0 operations
